<?xml version="1.0" encoding="utf-8"?><testsuites name="pytest tests"><testsuite name="pytest" errors="0" failures="0" skipped="0" tests="11" time="1.611" timestamp="2026-07-29T14:54:34.305023+00:00" hostname="agent-env-bb588c64-a1d9-4f83-9f07-d9298617873a"><testcase classname="tests.backend_test.TestPublish" name="test_publish_and_retrieve_site" time="0.305" /><testcase classname="tests.backend_test.TestValidate" name="test_validate_clean_code" time="0.140" /><testcase classname="tests.backend_test.TestValidate" name="test_validate_mismatched_css_braces" time="0.173" /><testcase classname="tests.backend_test.TestPublish" name="test_get_nonexistent_site" time="0.096" /><testcase classname="tests.backend_test.TestValidate" name="test_validate_mismatched_js_braces" time="0.077" /><testcase classname="tests.backend_test.TestValidate" name="test_validate_empty" time="0.139" /><testcase classname="tests.backend_test.TestPublish" name="test_publish_empty_still_works" time="0.085" /><testcase classname="tests.backend_test.TestChat" name="test_chat_invalid_api_key_streams_error" time="0.541" /><testcase classname="tests.backend_test.TestValidate" name="test_validate_html_unclosed_div_warning" time="0.147" /><testcase classname="tests.backend_test" name="test_root" time="0.104" /><testcase classname="tests.backend_test.TestChat" name="test_chat_missing_fields_returns_422" time="0.090" /></testsuite></testsuites>