<?xml version="1.0" encoding="utf-8"?><testsuites name="pytest tests"><testsuite name="pytest" errors="0" failures="0" skipped="0" tests="15" time="1.733" timestamp="2026-07-29T14:59:48.188979+00:00" hostname="agent-env-bb588c64-a1d9-4f83-9f07-d9298617873a"><testcase classname="tests.backend_test.TestUpload" name="test_upload_image_and_retrieve" time="0.288" /><testcase classname="tests.backend_test.TestValidate" name="test_validate_clean_code" time="0.144" /><testcase classname="tests.backend_test.TestValidate" name="test_validate_mismatched_css_braces" time="0.093" /><testcase classname="tests.backend_test.TestValidate" name="test_validate_mismatched_js_braces" time="0.093" /><testcase classname="tests.backend_test.TestUpload" name="test_upload_rejects_unsupported_type" time="0.088" /><testcase classname="tests.backend_test.TestValidate" name="test_validate_empty" time="0.084" /><testcase classname="tests.backend_test.TestUpload" name="test_upload_rejects_oversized_file" time="0.217" /><testcase classname="tests.backend_test.TestValidate" name="test_validate_html_unclosed_div_warning" time="0.088" /><testcase classname="tests.backend_test.TestPublish" name="test_publish_and_retrieve_site" time="0.174" /><testcase classname="tests.backend_test.TestUpload" name="test_get_nonexistent_file" time="0.089" /><testcase classname="tests.backend_test.TestChat" name="test_chat_invalid_api_key_streams_error" time="0.386" /><testcase classname="tests.backend_test.TestPublish" name="test_get_nonexistent_site" time="0.175" /><testcase classname="tests.backend_test.TestPublish" name="test_publish_empty_still_works" time="0.091" /><testcase classname="tests.backend_test.TestChat" name="test_chat_missing_fields_returns_422" time="0.079" /><testcase classname="tests.backend_test" name="test_root" time="0.074" /></testsuite></testsuites>